[0m12:51:15.134609 [debug] [MainThread]: Sending event: {'category': 'dbt', 'action': 'invocation', 'label': 'start', 'context': [<snowplow_tracker.self_describing_json.SelfDescribingJson object at 0x000001ABBD9032C0>, <snowplow_tracker.self_describing_json.SelfDescribingJson object at 0x000001ABBD903560>, <snowplow_tracker.self_describing_json.SelfDescribingJson object at 0x000001ABBD9037D0>]}


============================== 12:51:15.139914 | 3169ea1b-8abf-4682-8c81-0649b467ca07 ==============================
[0m12:51:15.139914 [info ] [MainThread]: Running with dbt=1.8.4
[0m12:51:15.139914 [debug] [MainThread]: running dbt with arguments {'printer_width': '80', 'indirect_selection': 'eager', 'log_cache_events': 'False', 'write_json': 'True', 'partial_parse': 'True', 'cache_selected_only': 'False', 'profiles_dir': 'C:\\Users\\EndUser\\.dbt', 'fail_fast': 'False', 'warn_error': 'None', 'log_path': 'logs', 'version_check': 'True', 'debug': 'False', 'use_colors': 'True', 'use_experimental_parser': 'False', 'no_print': 'None', 'quiet': 'False', 'empty': 'None', 'warn_error_options': 'WarnErrorOptions(include=[], exclude=[])', 'static_parser': 'True', 'invocation_command': 'dbt init', 'introspect': 'True', 'target_path': 'None', 'log_format': 'default', 'send_anonymous_usage_stats': 'True'}
[0m12:51:15.187256 [warn ] [MainThread]: [ConfigFolderDirectory]: Unable to parse dict {'dir': WindowsPath('C:/Users/EndUser/.dbt')}
[0m12:51:15.190305 [info ] [MainThread]: Creating dbt configuration folder at 
[0m12:51:26.292238 [debug] [MainThread]: Starter project path: C:\Projects\virtual-Envs\dbt-env\Lib\site-packages\dbt\include\starter_project
[0m12:51:26.401445 [info ] [MainThread]: 
Your new dbt project "custom_postgres" was created!

For more information on how to configure the profiles.yml file,
please consult the dbt documentation here:

  https://docs.getdbt.com/docs/configure-your-profile

One more thing:

Need help? Don't hesitate to reach out to us via GitHub issues or on Slack:

  https://community.getdbt.com/

Happy modeling!
 
[0m12:51:26.407363 [info ] [MainThread]: Setting up your profile.
[0m12:57:22.912294 [info ] [MainThread]: Profile custom_postgres written to C:\Users\EndUser\.dbt\profiles.yml using target's profile_template.yml and your supplied values. Run 'dbt debug' to validate the connection.
[0m12:57:22.916373 [debug] [MainThread]: Command `dbt init` succeeded at 12:57:22.916373 after 368.00 seconds
[0m12:57:22.916373 [debug] [MainThread]: Sending event: {'category': 'dbt', 'action': 'invocation', 'label': 'end', 'context': [<snowplow_tracker.self_describing_json.SelfDescribingJson object at 0x000001ABBD722420>, <snowplow_tracker.self_describing_json.SelfDescribingJson object at 0x000001ABBD779460>, <snowplow_tracker.self_describing_json.SelfDescribingJson object at 0x000001ABBC978E60>]}
[0m12:57:22.916373 [debug] [MainThread]: Flushing usage events
